This is pdfTeX, Version 3.1415926-2.5-1.40.14 (TeX Live 2013) (format=pdflatex 2013.5.30)  26 SEP 2014 20:47
entering extended mode
 restricted \write18 enabled.
 file:line:error style messages enabled.
 %&-line parsing enabled.
**Spring_JP.tex
(./Spring_JP.tex
LaTeX2e <2011/06/27>
Babel <3.9f> and hyphenation patterns for 78 languages loaded.
(./jpaper.cls
Document Class: jpaper 2012/08/02 ISCA Submission template
(./etoolbox.sty
Package: etoolbox 2011/01/03 v2.1 e-TeX tools for LaTeX
 (/usr/local/texlive/2013/texmf-dist/tex/latex/etex-pkg/etex.sty
Package: etex 1998/03/26 v2.0 eTeX basic definition package (PEB)
\et@xins=\count79
)
\etb@tempcnta=\count80
) (/usr/local/texlive/2013/texmf-dist/tex/latex/base/article.cls
Document Class: article 2007/10/19 v1.4h Standard LaTeX document class
(/usr/local/texlive/2013/texmf-dist/tex/latex/base/size12.clo
File: size12.clo 2007/10/19 v1.4h Standard LaTeX file (size option)
)
\c@part=\count81
\c@section=\count82
\c@subsection=\count83
\c@subsubsection=\count84
\c@paragraph=\count85
\c@subparagraph=\count86
\c@figure=\count87
\c@table=\count88
\abovecaptionskip=\skip41
\belowcaptionskip=\skip42
\bibindent=\dimen102
)
(/usr/local/texlive/2013/texmf-dist/tex/latex/base/inputenc.sty
Package: inputenc 2008/03/30 v1.1d Input encoding file
\inpenc@prehook=\toks14
\inpenc@posthook=\toks15

(/usr/local/texlive/2013/texmf-dist/tex/latex/base/utf8.def
File: utf8.def 2008/04/05 v1.1m UTF-8 support for inputenc
Now handling font encoding OML ...
... no UTF-8 mapping file for font encoding OML
Now handling font encoding T1 ...
... processing UTF-8 mapping file for font encoding T1

(/usr/local/texlive/2013/texmf-dist/tex/latex/base/t1enc.dfu
File: t1enc.dfu 2008/04/05 v1.1m UTF-8 support for inputenc
   defining Unicode char U+00A1 (decimal 161)
   defining Unicode char U+00A3 (decimal 163)
   defining Unicode char U+00AB (decimal 171)
   defining Unicode char U+00BB (decimal 187)
   defining Unicode char U+00BF (decimal 191)
   defining Unicode char U+00C0 (decimal 192)
   defining Unicode char U+00C1 (decimal 193)
   defining Unicode char U+00C2 (decimal 194)
   defining Unicode char U+00C3 (decimal 195)
   defining Unicode char U+00C4 (decimal 196)
   defining Unicode char U+00C5 (decimal 197)
   defining Unicode char U+00C6 (decimal 198)
   defining Unicode char U+00C7 (decimal 199)
   defining Unicode char U+00C8 (decimal 200)
   defining Unicode char U+00C9 (decimal 201)
   defining Unicode char U+00CA (decimal 202)
   defining Unicode char U+00CB (decimal 203)
   defining Unicode char U+00CC (decimal 204)
   defining Unicode char U+00CD (decimal 205)
   defining Unicode char U+00CE (decimal 206)
   defining Unicode char U+00CF (decimal 207)
   defining Unicode char U+00D0 (decimal 208)
   defining Unicode char U+00D1 (decimal 209)
   defining Unicode char U+00D2 (decimal 210)
   defining Unicode char U+00D3 (decimal 211)
   defining Unicode char U+00D4 (decimal 212)
   defining Unicode char U+00D5 (decimal 213)
   defining Unicode char U+00D6 (decimal 214)
   defining Unicode char U+00D8 (decimal 216)
   defining Unicode char U+00D9 (decimal 217)
   defining Unicode char U+00DA (decimal 218)
   defining Unicode char U+00DB (decimal 219)
   defining Unicode char U+00DC (decimal 220)
   defining Unicode char U+00DD (decimal 221)
   defining Unicode char U+00DE (decimal 222)
   defining Unicode char U+00DF (decimal 223)
   defining Unicode char U+00E0 (decimal 224)
   defining Unicode char U+00E1 (decimal 225)
   defining Unicode char U+00E2 (decimal 226)
   defining Unicode char U+00E3 (decimal 227)
   defining Unicode char U+00E4 (decimal 228)
   defining Unicode char U+00E5 (decimal 229)
   defining Unicode char U+00E6 (decimal 230)
   defining Unicode char U+00E7 (decimal 231)
   defining Unicode char U+00E8 (decimal 232)
   defining Unicode char U+00E9 (decimal 233)
   defining Unicode char U+00EA (decimal 234)
   defining Unicode char U+00EB (decimal 235)
   defining Unicode char U+00EC (decimal 236)
   defining Unicode char U+00ED (decimal 237)
   defining Unicode char U+00EE (decimal 238)
   defining Unicode char U+00EF (decimal 239)
   defining Unicode char U+00F0 (decimal 240)
   defining Unicode char U+00F1 (decimal 241)
   defining Unicode char U+00F2 (decimal 242)
   defining Unicode char U+00F3 (decimal 243)
   defining Unicode char U+00F4 (decimal 244)
   defining Unicode char U+00F5 (decimal 245)
   defining Unicode char U+00F6 (decimal 246)
   defining Unicode char U+00F8 (decimal 248)
   defining Unicode char U+00F9 (decimal 249)
   defining Unicode char U+00FA (decimal 250)
   defining Unicode char U+00FB (decimal 251)
   defining Unicode char U+00FC (decimal 252)
   defining Unicode char U+00FD (decimal 253)
   defining Unicode char U+00FE (decimal 254)
   defining Unicode char U+00FF (decimal 255)
   defining Unicode char U+0102 (decimal 258)
   defining Unicode char U+0103 (decimal 259)
   defining Unicode char U+0104 (decimal 260)
   defining Unicode char U+0105 (decimal 261)
   defining Unicode char U+0106 (decimal 262)
   defining Unicode char U+0107 (decimal 263)
   defining Unicode char U+010C (decimal 268)
   defining Unicode char U+010D (decimal 269)
   defining Unicode char U+010E (decimal 270)
   defining Unicode char U+010F (decimal 271)
   defining Unicode char U+0110 (decimal 272)
   defining Unicode char U+0111 (decimal 273)
   defining Unicode char U+0118 (decimal 280)
   defining Unicode char U+0119 (decimal 281)
   defining Unicode char U+011A (decimal 282)
   defining Unicode char U+011B (decimal 283)
   defining Unicode char U+011E (decimal 286)
   defining Unicode char U+011F (decimal 287)
   defining Unicode char U+0130 (decimal 304)
   defining Unicode char U+0131 (decimal 305)
   defining Unicode char U+0132 (decimal 306)
   defining Unicode char U+0133 (decimal 307)
   defining Unicode char U+0139 (decimal 313)
   defining Unicode char U+013A (decimal 314)
   defining Unicode char U+013D (decimal 317)
   defining Unicode char U+013E (decimal 318)
   defining Unicode char U+0141 (decimal 321)
   defining Unicode char U+0142 (decimal 322)
   defining Unicode char U+0143 (decimal 323)
   defining Unicode char U+0144 (decimal 324)
   defining Unicode char U+0147 (decimal 327)
   defining Unicode char U+0148 (decimal 328)
   defining Unicode char U+014A (decimal 330)
   defining Unicode char U+014B (decimal 331)
   defining Unicode char U+0150 (decimal 336)
   defining Unicode char U+0151 (decimal 337)
   defining Unicode char U+0152 (decimal 338)
   defining Unicode char U+0153 (decimal 339)
   defining Unicode char U+0154 (decimal 340)
   defining Unicode char U+0155 (decimal 341)
   defining Unicode char U+0158 (decimal 344)
   defining Unicode char U+0159 (decimal 345)
   defining Unicode char U+015A (decimal 346)
   defining Unicode char U+015B (decimal 347)
   defining Unicode char U+015E (decimal 350)
   defining Unicode char U+015F (decimal 351)
   defining Unicode char U+0160 (decimal 352)
   defining Unicode char U+0161 (decimal 353)
   defining Unicode char U+0162 (decimal 354)
   defining Unicode char U+0163 (decimal 355)
   defining Unicode char U+0164 (decimal 356)
   defining Unicode char U+0165 (decimal 357)
   defining Unicode char U+016E (decimal 366)
   defining Unicode char U+016F (decimal 367)
   defining Unicode char U+0170 (decimal 368)
   defining Unicode char U+0171 (decimal 369)
   defining Unicode char U+0178 (decimal 376)
   defining Unicode char U+0179 (decimal 377)
   defining Unicode char U+017A (decimal 378)
   defining Unicode char U+017B (decimal 379)
   defining Unicode char U+017C (decimal 380)
   defining Unicode char U+017D (decimal 381)
   defining Unicode char U+017E (decimal 382)
   defining Unicode char U+200C (decimal 8204)
   defining Unicode char U+2013 (decimal 8211)
   defining Unicode char U+2014 (decimal 8212)
   defining Unicode char U+2018 (decimal 8216)
   defining Unicode char U+2019 (decimal 8217)
   defining Unicode char U+201A (decimal 8218)
   defining Unicode char U+201C (decimal 8220)
   defining Unicode char U+201D (decimal 8221)
   defining Unicode char U+201E (decimal 8222)
   defining Unicode char U+2030 (decimal 8240)
   defining Unicode char U+2031 (decimal 8241)
   defining Unicode char U+2039 (decimal 8249)
   defining Unicode char U+203A (decimal 8250)
   defining Unicode char U+2423 (decimal 9251)
)
Now handling font encoding OT1 ...
... processing UTF-8 mapping file for font encoding OT1

(/usr/local/texlive/2013/texmf-dist/tex/latex/base/ot1enc.dfu
File: ot1enc.dfu 2008/04/05 v1.1m UTF-8 support for inputenc
   defining Unicode char U+00A1 (decimal 161)
   defining Unicode char U+00A3 (decimal 163)
   defining Unicode char U+00B8 (decimal 184)
   defining Unicode char U+00BF (decimal 191)
   defining Unicode char U+00C5 (decimal 197)
   defining Unicode char U+00C6 (decimal 198)
   defining Unicode char U+00D8 (decimal 216)
   defining Unicode char U+00DF (decimal 223)
   defining Unicode char U+00E6 (decimal 230)
   defining Unicode char U+00EC (decimal 236)
   defining Unicode char U+00ED (decimal 237)
   defining Unicode char U+00EE (decimal 238)
   defining Unicode char U+00EF (decimal 239)
   defining Unicode char U+00F8 (decimal 248)
   defining Unicode char U+0131 (decimal 305)
   defining Unicode char U+0141 (decimal 321)
   defining Unicode char U+0142 (decimal 322)
   defining Unicode char U+0152 (decimal 338)
   defining Unicode char U+0153 (decimal 339)
   defining Unicode char U+2013 (decimal 8211)
   defining Unicode char U+2014 (decimal 8212)
   defining Unicode char U+2018 (decimal 8216)
   defining Unicode char U+2019 (decimal 8217)
   defining Unicode char U+201C (decimal 8220)
   defining Unicode char U+201D (decimal 8221)
)
Now handling font encoding OMS ...
... processing UTF-8 mapping file for font encoding OMS

(/usr/local/texlive/2013/texmf-dist/tex/latex/base/omsenc.dfu
File: omsenc.dfu 2008/04/05 v1.1m UTF-8 support for inputenc
   defining Unicode char U+00A7 (decimal 167)
   defining Unicode char U+00B6 (decimal 182)
   defining Unicode char U+00B7 (decimal 183)
   defining Unicode char U+2020 (decimal 8224)
   defining Unicode char U+2021 (decimal 8225)
   defining Unicode char U+2022 (decimal 8226)
)
Now handling font encoding OMX ...
... no UTF-8 mapping file for font encoding OMX
Now handling font encoding U ...
... no UTF-8 mapping file for font encoding U
   defining Unicode char U+00A9 (decimal 169)
   defining Unicode char U+00AA (decimal 170)
   defining Unicode char U+00AE (decimal 174)
   defining Unicode char U+00BA (decimal 186)
   defining Unicode char U+02C6 (decimal 710)
   defining Unicode char U+02DC (decimal 732)
   defining Unicode char U+200C (decimal 8204)
   defining Unicode char U+2026 (decimal 8230)
   defining Unicode char U+2122 (decimal 8482)
   defining Unicode char U+2423 (decimal 9251)
))
(/usr/local/texlive/2013/texmf-dist/tex/latex/base/fontenc.sty
Package: fontenc 2005/09/27 v1.99g Standard LaTeX package

(/usr/local/texlive/2013/texmf-dist/tex/latex/base/t1enc.def
File: t1enc.def 2005/09/27 v1.99g Standard LaTeX file
LaTeX Font Info:    Redeclaring font encoding T1 on input line 43.
))
(/usr/local/texlive/2013/texmf-dist/tex/latex/tools/verbatim.sty
Package: verbatim 2003/08/22 v1.5q LaTeX2e package for verbatim enhancements
\every@verbatim=\toks16
\verbatim@line=\toks17
\verbatim@in@stream=\read1
)
(/usr/local/texlive/2013/texmf-dist/tex/latex/base/fixltx2e.sty
Package: fixltx2e 2006/09/13 v1.1m fixes to LaTeX
LaTeX Info: Redefining \em on input line 420.
)
(/usr/local/texlive/2013/texmf-dist/tex/latex/xcolor/xcolor.sty
Package: xcolor 2007/01/21 v2.11 LaTeX color extensions (UK)

(/usr/local/texlive/2013/texmf-dist/tex/latex/latexconfig/color.cfg
File: color.cfg 2007/01/18 v1.5 color configuration of teTeX/TeXLive
)
Package xcolor Info: Package option `usenames' ignored on input line 216.
Package xcolor Info: Driver file: pdftex.def on input line 225.

(/usr/local/texlive/2013/texmf-dist/tex/latex/pdftex-def/pdftex.def
File: pdftex.def 2011/05/27 v0.06d Graphics/color for pdfTeX

(/usr/local/texlive/2013/texmf-dist/tex/generic/oberdiek/infwarerr.sty
Package: infwarerr 2010/04/08 v1.3 Providing info/warning/error messages (HO)
)
(/usr/local/texlive/2013/texmf-dist/tex/generic/oberdiek/ltxcmds.sty
Package: ltxcmds 2011/11/09 v1.22 LaTeX kernel commands for general use (HO)
)
\Gread@gobject=\count89
)
(/usr/local/texlive/2013/texmf-dist/tex/latex/colortbl/colortbl.sty
Package: colortbl 2012/02/13 v1.0a Color table columns (DPC)

(/usr/local/texlive/2013/texmf-dist/tex/latex/tools/array.sty
Package: array 2008/09/09 v2.4c Tabular extension package (FMi)
\col@sep=\dimen103
\extrarowheight=\dimen104
\NC@list=\toks18
\extratabsurround=\skip43
\backup@length=\skip44
)
\everycr=\toks19
\minrowclearance=\skip45
)
\rownum=\count90
Package xcolor Info: Model `cmy' substituted by `cmy0' on input line 1337.
Package xcolor Info: Model `hsb' substituted by `rgb' on input line 1341.
Package xcolor Info: Model `RGB' extended on input line 1353.
Package xcolor Info: Model `HTML' substituted by `rgb' on input line 1355.
Package xcolor Info: Model `Hsb' substituted by `hsb' on input line 1356.
Package xcolor Info: Model `tHsb' substituted by `hsb' on input line 1357.
Package xcolor Info: Model `HSB' substituted by `hsb' on input line 1358.
Package xcolor Info: Model `Gray' substituted by `gray' on input line 1359.
Package xcolor Info: Model `wave' substituted by `hsb' on input line 1360.

(/usr/local/texlive/2013/texmf-dist/tex/latex/graphics/dvipsnam.def
File: dvipsnam.def 1999/02/16 v3.0i Driver-dependant file (DPC,SPQR)
)
(/usr/local/texlive/2013/texmf-dist/tex/latex/xcolor/svgnam.def
File: svgnam.def 2007/01/21 v2.11 Predefined colors according to SVG 1.1 (UK)
))
(/usr/local/texlive/2013/texmf-dist/tex/latex/psnfss/mathptmx.sty
Package: mathptmx 2005/04/12 PSNFSS-v9.2a Times w/ Math, improved (SPQR, WaS) 
LaTeX Font Info:    Redeclaring symbol font `operators' on input line 28.
LaTeX Font Info:    Overwriting symbol font `operators' in version `normal'
(Font)                  OT1/cmr/m/n --> OT1/ztmcm/m/n on input line 28.
LaTeX Font Info:    Overwriting symbol font `operators' in version `bold'
(Font)                  OT1/cmr/bx/n --> OT1/ztmcm/m/n on input line 28.
LaTeX Font Info:    Redeclaring symbol font `letters' on input line 29.
LaTeX Font Info:    Overwriting symbol font `letters' in version `normal'
(Font)                  OML/cmm/m/it --> OML/ztmcm/m/it on input line 29.
LaTeX Font Info:    Overwriting symbol font `letters' in version `bold'
(Font)                  OML/cmm/b/it --> OML/ztmcm/m/it on input line 29.
LaTeX Font Info:    Redeclaring symbol font `symbols' on input line 30.
LaTeX Font Info:    Overwriting symbol font `symbols' in version `normal'
(Font)                  OMS/cmsy/m/n --> OMS/ztmcm/m/n on input line 30.
LaTeX Font Info:    Overwriting symbol font `symbols' in version `bold'
(Font)                  OMS/cmsy/b/n --> OMS/ztmcm/m/n on input line 30.
LaTeX Font Info:    Redeclaring symbol font `largesymbols' on input line 31.
LaTeX Font Info:    Overwriting symbol font `largesymbols' in version `normal'
(Font)                  OMX/cmex/m/n --> OMX/ztmcm/m/n on input line 31.
LaTeX Font Info:    Overwriting symbol font `largesymbols' in version `bold'
(Font)                  OMX/cmex/m/n --> OMX/ztmcm/m/n on input line 31.
\symbold=\mathgroup4
\symitalic=\mathgroup5
LaTeX Font Info:    Redeclaring math alphabet \mathbf on input line 34.
LaTeX Font Info:    Overwriting math alphabet `\mathbf' in version `normal'
(Font)                  OT1/cmr/bx/n --> OT1/ptm/bx/n on input line 34.
LaTeX Font Info:    Overwriting math alphabet `\mathbf' in version `bold'
(Font)                  OT1/cmr/bx/n --> OT1/ptm/bx/n on input line 34.
LaTeX Font Info:    Redeclaring math alphabet \mathit on input line 35.
LaTeX Font Info:    Overwriting math alphabet `\mathit' in version `normal'
(Font)                  OT1/cmr/m/it --> OT1/ptm/m/it on input line 35.
LaTeX Font Info:    Overwriting math alphabet `\mathit' in version `bold'
(Font)                  OT1/cmr/bx/it --> OT1/ptm/m/it on input line 35.
LaTeX Info: Redefining \hbar on input line 50.
)
(/usr/local/texlive/2013/texmf-dist/tex/latex/psnfss/helvet.sty
Package: helvet 2005/04/12 PSNFSS-v9.2a (WaS) 

(/usr/local/texlive/2013/texmf-dist/tex/latex/graphics/keyval.sty
Package: keyval 1999/03/16 v1.13 key=value parser (DPC)
\KV@toks@=\toks20
))
(./couriers.sty
Package: couriers 2004/07/10 Scaled Courier (HS) 
)
(/usr/local/texlive/2013/texmf-dist/tex/latex/setspace/setspace.sty
Package: setspace 2011/12/19 v6.7a set line spacing
)
(/usr/local/texlive/2013/texmf-dist/tex/latex/microtype/microtype.sty
Package: microtype 2013/05/23 v2.5a Micro-typographical refinements (RS)
\MT@toks=\toks21
\MT@count=\count91
LaTeX Info: Redefining \textls on input line 766.
\MT@outer@kern=\dimen105
LaTeX Info: Redefining \textmicrotypecontext on input line 1285.
\MT@listname@count=\count92

(/usr/local/texlive/2013/texmf-dist/tex/latex/microtype/microtype-pdftex.def
File: microtype-pdftex.def 2013/05/23 v2.5a Definitions specific to pdftex (RS)

LaTeX Info: Redefining \lsstyle on input line 915.
LaTeX Info: Redefining \lslig on input line 915.
\MT@outer@space=\skip46
)
Package microtype Info: Loading configuration file microtype.cfg.

(/usr/local/texlive/2013/texmf-dist/tex/latex/microtype/microtype.cfg
File: microtype.cfg 2013/05/23 v2.5a microtype main configuration file (RS)
))
(/usr/local/texlive/2013/texmf-dist/tex/latex/geometry/geometry.sty
Package: geometry 2010/09/12 v5.6 Page Geometry

(/usr/local/texlive/2013/texmf-dist/tex/generic/oberdiek/ifpdf.sty
Package: ifpdf 2011/01/30 v2.3 Provides the ifpdf switch (HO)
Package ifpdf Info: pdfTeX in PDF mode is detected.
)
(/usr/local/texlive/2013/texmf-dist/tex/generic/oberdiek/ifvtex.sty
Package: ifvtex 2010/03/01 v1.5 Detect VTeX and its facilities (HO)
Package ifvtex Info: VTeX not detected.
)
(/usr/local/texlive/2013/texmf-dist/tex/generic/ifxetex/ifxetex.sty
Package: ifxetex 2010/09/12 v0.6 Provides ifxetex conditional
)
\Gm@cnth=\count93
\Gm@cntv=\count94
\c@Gm@tempcnt=\count95
\Gm@bindingoffset=\dimen106
\Gm@wd@mp=\dimen107
\Gm@odd@mp=\dimen108
\Gm@even@mp=\dimen109
\Gm@layoutwidth=\dimen110
\Gm@layoutheight=\dimen111
\Gm@layouthoffset=\dimen112
\Gm@layoutvoffset=\dimen113
\Gm@dimlist=\toks22
)
(/usr/local/texlive/2013/texmf-dist/tex/latex/titling/titling.sty
Package: titling 2009/09/04 v2.1d maketitle typesetting
\thanksmarkwidth=\skip47
\thanksmargin=\skip48
\droptitle=\skip49
)
(/usr/local/texlive/2013/texmf-dist/tex/latex/abstract/abstract.sty
Package: abstract 2009/06/08 v1.2a configurable abstracts
\abstitleskip=\skip50
\absleftindent=\skip51
\absrightindent=\skip52
\absparindent=\skip53
\absparsep=\skip54
)
(/usr/local/texlive/2013/texmf-dist/tex/latex/titlesec/titlesec.sty
Package: titlesec 2011/12/15 v2.10.0 Sectioning titles
\ttl@box=\box26
\beforetitleunit=\skip55
\aftertitleunit=\skip56
\ttl@plus=\dimen114
\ttl@minus=\dimen115
\ttl@toksa=\toks23
\titlewidth=\dimen116
\titlewidthlast=\dimen117
\titlewidthfirst=\dimen118
)
\sectionspace=\skip57

(/usr/local/texlive/2013/texmf-dist/tex/latex/tools/enumerate.sty
Package: enumerate 1999/03/05 v3.00 enumerate extensions (DPC)
\@enLab=\toks24
)
(/usr/local/texlive/2013/texmf-dist/tex/latex/enumitem/enumitem.sty
Package: enumitem 2011/09/28 v3.5.2 Customized lists
\labelindent=\skip58
\enit@outerparindent=\dimen119
\enit@toks=\toks25
\enit@inbox=\box27
\enitdp@description=\count96
)
(/usr/local/texlive/2013/texmf-dist/tex/latex/caption/caption.sty
Package: caption 2013/05/02 v3.3-89 Customizing captions (AR)

(/usr/local/texlive/2013/texmf-dist/tex/latex/caption/caption3.sty
Package: caption3 2013/05/02 v1.6-88 caption3 kernel (AR)
Package caption3 Info: TeX engine: e-TeX on input line 57.
\captionmargin=\dimen120
\captionmargin@=\dimen121
\captionwidth=\dimen122
\caption@tempdima=\dimen123
\caption@indent=\dimen124
\caption@parindent=\dimen125
\caption@hangindent=\dimen126
)
\c@ContinuedFloat=\count97
)
(/usr/local/texlive/2013/texmf-dist/tex/latex/subfig/subfig.sty
Package: subfig 2005/06/28 ver: 1.3 subfig package
\c@KVtest=\count98
\sf@farskip=\skip59
\sf@captopadj=\dimen127
\sf@capskip=\skip60
\sf@nearskip=\skip61
\c@subfigure=\count99
\c@subfigure@save=\count100
\c@lofdepth=\count101
\c@subtable=\count102
\c@subtable@save=\count103
\c@lotdepth=\count104
\sf@top=\skip62
\sf@bottom=\skip63
)
(/usr/local/texlive/2013/texmf-dist/tex/latex/float/float.sty
Package: float 2001/11/08 v1.3d Float enhancements (AL)
\c@float@type=\count105
\float@exts=\toks26
\float@box=\box28
\@float@everytoks=\toks27
\@floatcapt=\box29
)
(/usr/local/texlive/2013/texmf-dist/tex/latex/graphics/graphicx.sty
Package: graphicx 1999/02/16 v1.0f Enhanced LaTeX Graphics (DPC,SPQR)

(/usr/local/texlive/2013/texmf-dist/tex/latex/graphics/graphics.sty
Package: graphics 2009/02/05 v1.0o Standard LaTeX Graphics (DPC,SPQR)

(/usr/local/texlive/2013/texmf-dist/tex/latex/graphics/trig.sty
Package: trig 1999/03/16 v1.09 sin cos tan (DPC)
)
(/usr/local/texlive/2013/texmf-dist/tex/latex/latexconfig/graphics.cfg
File: graphics.cfg 2010/04/23 v1.9 graphics configuration of TeX Live
)
Package graphics Info: Driver file: pdftex.def on input line 91.
)
\Gin@req@height=\dimen128
\Gin@req@width=\dimen129
)
(/usr/local/texlive/2013/texmf-dist/tex/latex/booktabs/booktabs.sty
Package: booktabs 2005/04/14 v1.61803 publication quality tables
\heavyrulewidth=\dimen130
\lightrulewidth=\dimen131
\cmidrulewidth=\dimen132
\belowrulesep=\dimen133
\belowbottomsep=\dimen134
\aboverulesep=\dimen135
\abovetopsep=\dimen136
\cmidrulesep=\dimen137
\cmidrulekern=\dimen138
\defaultaddspace=\dimen139
\@cmidla=\count106
\@cmidlb=\count107
\@aboverulesep=\dimen140
\@belowrulesep=\dimen141
\@thisruleclass=\count108
\@lastruleclass=\count109
\@thisrulewidth=\dimen142
)
(/usr/local/texlive/2013/texmf-dist/tex/latex/multirow/multirow.sty
\bigstrutjot=\dimen143
)
(/usr/local/texlive/2013/texmf-dist/tex/latex/hyperref/hyperref.sty
Package: hyperref 2012/11/06 v6.83m Hypertext links for LaTeX

(/usr/local/texlive/2013/texmf-dist/tex/generic/oberdiek/hobsub-hyperref.sty
Package: hobsub-hyperref 2012/05/28 v1.13 Bundle oberdiek, subset hyperref (HO)


(/usr/local/texlive/2013/texmf-dist/tex/generic/oberdiek/hobsub-generic.sty
Package: hobsub-generic 2012/05/28 v1.13 Bundle oberdiek, subset generic (HO)
Package: hobsub 2012/05/28 v1.13 Construct package bundles (HO)
Package hobsub Info: Skipping package `infwarerr' (already loaded).
Package hobsub Info: Skipping package `ltxcmds' (already loaded).
Package: ifluatex 2010/03/01 v1.3 Provides the ifluatex switch (HO)
Package ifluatex Info: LuaTeX not detected.
Package hobsub Info: Skipping package `ifvtex' (already loaded).
Package: intcalc 2007/09/27 v1.1 Expandable calculations with integers (HO)
Package hobsub Info: Skipping package `ifpdf' (already loaded).
Package: etexcmds 2011/02/16 v1.5 Avoid name clashes with e-TeX commands (HO)
Package etexcmds Info: Could not find \expanded.
(etexcmds)             That can mean that you are not using pdfTeX 1.50 or
(etexcmds)             that some package has redefined \expanded.
(etexcmds)             In the latter case, load this package earlier.
Package: kvsetkeys 2012/04/25 v1.16 Key value parser (HO)
Package: kvdefinekeys 2011/04/07 v1.3 Define keys (HO)
Package: pdftexcmds 2011/11/29 v0.20 Utility functions of pdfTeX for LuaTeX (HO
)
Package pdftexcmds Info: LuaTeX not detected.
Package pdftexcmds Info: \pdf@primitive is available.
Package pdftexcmds Info: \pdf@ifprimitive is available.
Package pdftexcmds Info: \pdfdraftmode found.
Package: pdfescape 2011/11/25 v1.13 Implements pdfTeX's escape features (HO)
Package: bigintcalc 2012/04/08 v1.3 Expandable calculations on big integers (HO
)
Package: bitset 2011/01/30 v1.1 Handle bit-vector datatype (HO)
Package: uniquecounter 2011/01/30 v1.2 Provide unlimited unique counter (HO)
)
Package hobsub Info: Skipping package `hobsub' (already loaded).
Package: letltxmacro 2010/09/02 v1.4 Let assignment for LaTeX macros (HO)
Package: hopatch 2012/05/28 v1.2 Wrapper for package hooks (HO)
Package: xcolor-patch 2011/01/30 xcolor patch
Package: atveryend 2011/06/30 v1.8 Hooks at the very end of document (HO)
Package: atbegshi 2011/10/05 v1.16 At begin shipout hook (HO)
Package: refcount 2011/10/16 v3.4 Data extraction from label references (HO)
Package: hycolor 2011/01/30 v1.7 Color options for hyperref/bookmark (HO)
)
(/usr/local/texlive/2013/texmf-dist/tex/latex/oberdiek/auxhook.sty
Package: auxhook 2011/03/04 v1.3 Hooks for auxiliary files (HO)
)
(/usr/local/texlive/2013/texmf-dist/tex/latex/oberdiek/kvoptions.sty
Package: kvoptions 2011/06/30 v3.11 Key value format for package options (HO)
)
\@linkdim=\dimen144
\Hy@linkcounter=\count110
\Hy@pagecounter=\count111

(/usr/local/texlive/2013/texmf-dist/tex/latex/hyperref/pd1enc.def
File: pd1enc.def 2012/11/06 v6.83m Hyperref: PDFDocEncoding definition (HO)
Now handling font encoding PD1 ...
... no UTF-8 mapping file for font encoding PD1
)
\Hy@SavedSpaceFactor=\count112

(/usr/local/texlive/2013/texmf-dist/tex/latex/latexconfig/hyperref.cfg
File: hyperref.cfg 2002/06/06 v1.2 hyperref configuration of TeXLive
)
Package hyperref Info: Hyper figures OFF on input line 4443.
Package hyperref Info: Link nesting OFF on input line 4448.
Package hyperref Info: Hyper index ON on input line 4451.
Package hyperref Info: Plain pages OFF on input line 4458.
Package hyperref Info: Backreferencing OFF on input line 4463.
Package hyperref Info: Implicit mode ON; LaTeX internals redefined.
Package hyperref Info: Bookmarks ON on input line 4688.
\c@Hy@tempcnt=\count113

(/usr/local/texlive/2013/texmf-dist/tex/latex/url/url.sty
\Urlmuskip=\muskip10
Package: url 2006/04/12  ver 3.3  Verb mode for urls, etc.
)
LaTeX Info: Redefining \url on input line 5041.
\XeTeXLinkMargin=\dimen145
\Fld@menulength=\count114
\Field@Width=\dimen146
\Fld@charsize=\dimen147
Package hyperref Info: Hyper figures OFF on input line 6295.
Package hyperref Info: Link nesting OFF on input line 6300.
Package hyperref Info: Hyper index ON on input line 6303.
Package hyperref Info: backreferencing OFF on input line 6310.
Package hyperref Info: Link coloring OFF on input line 6315.
Package hyperref Info: Link coloring with OCG OFF on input line 6320.
Package hyperref Info: PDF/A mode OFF on input line 6325.
LaTeX Info: Redefining \ref on input line 6365.
LaTeX Info: Redefining \pageref on input line 6369.
\Hy@abspage=\count115
\c@Item=\count116
\c@Hfootnote=\count117
)

Package hyperref Message: Driver (autodetected): hpdftex.

(/usr/local/texlive/2013/texmf-dist/tex/latex/hyperref/hpdftex.def
File: hpdftex.def 2012/11/06 v6.83m Hyperref driver for pdfTeX
\Fld@listcount=\count118
\c@bookmark@seq@number=\count119

(/usr/local/texlive/2013/texmf-dist/tex/latex/oberdiek/rerunfilecheck.sty
Package: rerunfilecheck 2011/04/15 v1.7 Rerun checks for auxiliary files (HO)
Package uniquecounter Info: New unique counter `rerunfilecheck' on input line 2
82.
)
\Hy@SectionHShift=\skip64
)
Package hyperref Info: Option `unicode' set `true' on input line 200.

(/usr/local/texlive/2013/texmf-dist/tex/latex/hyperref/puenc.def
File: puenc.def 2012/11/06 v6.83m Hyperref: PDF Unicode definition (HO)
Now handling font encoding PU ...
... no UTF-8 mapping file for font encoding PU
)
Package hyperref Info: Option `colorlinks' set `true' on input line 200.

(/usr/local/texlive/2013/texmf-dist/tex/latex/SIunits/SIunits.sty
Package: SIunits 2007/12/02 v1.36 Support for the International System of units
 (MH)


\@qskwidth=\skip65
Now handling font encoding TS1 ...
... processing UTF-8 mapping file for font encoding TS1
(/usr/local/texlive/2013/texmf-dist/tex/latex/base/ts1enc.dfu
File: ts1enc.dfu 2008/04/05 v1.1m UTF-8 support for inputenc
   defining Unicode char U+00A2 (decimal 162)
   defining Unicode char U+00A3 (decimal 163)
   defining Unicode char U+00A4 (decimal 164)
   defining Unicode char U+00A5 (decimal 165)
   defining Unicode char U+00A6 (decimal 166)
   defining Unicode char U+00A7 (decimal 167)
   defining Unicode char U+00A8 (decimal 168)
   defining Unicode char U+00A9 (decimal 169)
   defining Unicode char U+00AA (decimal 170)
   defining Unicode char U+00AC (decimal 172)
   defining Unicode char U+00AE (decimal 174)
   defining Unicode char U+00AF (decimal 175)
   defining Unicode char U+00B0 (decimal 176)
   defining Unicode char U+00B1 (decimal 177)
   defining Unicode char U+00B2 (decimal 178)
   defining Unicode char U+00B3 (decimal 179)
   defining Unicode char U+00B4 (decimal 180)
   defining Unicode char U+00B5 (decimal 181)
   defining Unicode char U+00B6 (decimal 182)
   defining Unicode char U+00B7 (decimal 183)
   defining Unicode char U+00B9 (decimal 185)
   defining Unicode char U+00BA (decimal 186)
   defining Unicode char U+00BC (decimal 188)
   defining Unicode char U+00BD (decimal 189)
   defining Unicode char U+00BE (decimal 190)
   defining Unicode char U+00D7 (decimal 215)
   defining Unicode char U+00F7 (decimal 247)
   defining Unicode char U+0192 (decimal 402)
   defining Unicode char U+02C7 (decimal 711)
   defining Unicode char U+02D8 (decimal 728)
   defining Unicode char U+02DD (decimal 733)
   defining Unicode char U+0E3F (decimal 3647)
   defining Unicode char U+2016 (decimal 8214)
   defining Unicode char U+2020 (decimal 8224)
   defining Unicode char U+2021 (decimal 8225)
   defining Unicode char U+2022 (decimal 8226)
   defining Unicode char U+2030 (decimal 8240)
   defining Unicode char U+2031 (decimal 8241)
   defining Unicode char U+203B (decimal 8251)
   defining Unicode char U+203D (decimal 8253)
   defining Unicode char U+2044 (decimal 8260)
   defining Unicode char U+204E (decimal 8270)
   defining Unicode char U+2052 (decimal 8274)
   defining Unicode char U+20A1 (decimal 8353)
   defining Unicode char U+20A4 (decimal 8356)
   defining Unicode char U+20A6 (decimal 8358)
   defining Unicode char U+20A9 (decimal 8361)
   defining Unicode char U+20AB (decimal 8363)
   defining Unicode char U+20AC (decimal 8364)
   defining Unicode char U+20B1 (decimal 8369)
   defining Unicode char U+2103 (decimal 8451)
   defining Unicode char U+2116 (decimal 8470)
   defining Unicode char U+2117 (decimal 8471)
   defining Unicode char U+211E (decimal 8478)
   defining Unicode char U+2120 (decimal 8480)
   defining Unicode char U+2122 (decimal 8482)
   defining Unicode char U+2126 (decimal 8486)
   defining Unicode char U+2127 (decimal 8487)
   defining Unicode char U+212E (decimal 8494)
   defining Unicode char U+2190 (decimal 8592)
   defining Unicode char U+2191 (decimal 8593)
   defining Unicode char U+2192 (decimal 8594)
   defining Unicode char U+2193 (decimal 8595)
   defining Unicode char U+2329 (decimal 9001)
   defining Unicode char U+232A (decimal 9002)
   defining Unicode char U+2422 (decimal 9250)
   defining Unicode char U+25E6 (decimal 9702)
   defining Unicode char U+25EF (decimal 9711)
   defining Unicode char U+266A (decimal 9834)
)
\symgreek=\mathgroup6

(/usr/local/texlive/2013/texmf-dist/tex/latex/amsmath/amstext.sty
Package: amstext 2000/06/29 v2.01

(/usr/local/texlive/2013/texmf-dist/tex/latex/amsmath/amsgen.sty
File: amsgen.sty 1999/11/30 v2.0
\@emptytoks=\toks28
\ex@=\dimen148
))
(/usr/local/texlive/2013/texmf-dist/tex/latex/SIunits/SIunits.cfg)
Option `squaren' provided!
)) (/usr/local/texlive/2013/texmf-dist/tex/generic/ulem/ulem.sty
\UL@box=\box30
\UL@hyphenbox=\box31
\UL@skip=\skip66
\UL@hook=\toks29
\UL@height=\dimen149
\UL@pe=\count120
\UL@pixel=\dimen150
\ULC@box=\box32
Package: ulem 2012/05/18
\ULdepth=\dimen151
)
(/usr/local/texlive/2013/texmf-dist/tex/latex/amsmath/amsmath.sty
Package: amsmath 2013/01/14 v2.14 AMS math features
\@mathmargin=\skip67

For additional information on amsmath, use the `?' option.
(/usr/local/texlive/2013/texmf-dist/tex/latex/amsmath/amsbsy.sty
Package: amsbsy 1999/11/29 v1.2d
\pmbraise@=\dimen152
)
(/usr/local/texlive/2013/texmf-dist/tex/latex/amsmath/amsopn.sty
Package: amsopn 1999/12/14 v2.01 operator names
)
\inf@bad=\count121
LaTeX Info: Redefining \frac on input line 210.
\uproot@=\count122
\leftroot@=\count123
LaTeX Info: Redefining \overline on input line 306.
\classnum@=\count124
\DOTSCASE@=\count125
LaTeX Info: Redefining \ldots on input line 378.
LaTeX Info: Redefining \dots on input line 381.
LaTeX Info: Redefining \cdots on input line 466.
\Mathstrutbox@=\box33
\strutbox@=\box34
\big@size=\dimen153
LaTeX Font Info:    Redeclaring font encoding OML on input line 566.
LaTeX Font Info:    Redeclaring font encoding OMS on input line 567.
\macc@depth=\count126
\c@MaxMatrixCols=\count127
\dotsspace@=\muskip11
\c@parentequation=\count128
\dspbrk@lvl=\count129
\tag@help=\toks30
\row@=\count130
\column@=\count131
\maxfields@=\count132
\andhelp@=\toks31
\eqnshift@=\dimen154
\alignsep@=\dimen155
\tagshift@=\dimen156
\tagwidth@=\dimen157
\totwidth@=\dimen158
\lineht@=\dimen159
\@envbody=\toks32
\multlinegap=\skip68
\multlinetaggap=\skip69
\mathdisplay@stack=\toks33
LaTeX Info: Redefining \[ on input line 2665.
LaTeX Info: Redefining \] on input line 2666.
)
(/usr/local/texlive/2013/texmf-dist/tex/latex/pgf/frontendlayer/tikz.sty
(/usr/local/texlive/2013/texmf-dist/tex/latex/pgf/basiclayer/pgf.sty
(/usr/local/texlive/2013/texmf-dist/tex/latex/pgf/utilities/pgfrcs.sty
(/usr/local/texlive/2013/texmf-dist/tex/generic/pgf/utilities/pgfutil-common.te
x
\pgfutil@everybye=\toks34
)
(/usr/local/texlive/2013/texmf-dist/tex/generic/pgf/utilities/pgfutil-latex.def
\pgfutil@abb=\box35
(/usr/local/texlive/2013/texmf-dist/tex/latex/ms/everyshi.sty
Package: everyshi 2001/05/15 v3.00 EveryShipout Package (MS)
))
(/usr/local/texlive/2013/texmf-dist/tex/generic/pgf/utilities/pgfrcs.code.tex
Package: pgfrcs 2010/10/25 v2.10 (rcs-revision 1.24)
))
Package: pgf 2008/01/15 v2.10 (rcs-revision 1.12)
(/usr/local/texlive/2013/texmf-dist/tex/latex/pgf/basiclayer/pgfcore.sty
(/usr/local/texlive/2013/texmf-dist/tex/latex/pgf/systemlayer/pgfsys.sty
(/usr/local/texlive/2013/texmf-dist/tex/generic/pgf/systemlayer/pgfsys.code.tex
Package: pgfsys 2010/06/30 v2.10 (rcs-revision 1.37)
(/usr/local/texlive/2013/texmf-dist/tex/generic/pgf/utilities/pgfkeys.code.tex
\pgfkeys@pathtoks=\toks35
\pgfkeys@temptoks=\toks36

(/usr/local/texlive/2013/texmf-dist/tex/generic/pgf/utilities/pgfkeysfiltered.c
ode.tex
\pgfkeys@tmptoks=\toks37
))
\pgf@x=\dimen160
\pgf@y=\dimen161
\pgf@xa=\dimen162
\pgf@ya=\dimen163
\pgf@xb=\dimen164
\pgf@yb=\dimen165
\pgf@xc=\dimen166
\pgf@yc=\dimen167
\w@pgf@writea=\write3
\r@pgf@reada=\read2
\c@pgf@counta=\count133
\c@pgf@countb=\count134
\c@pgf@countc=\count135
\c@pgf@countd=\count136

(/usr/local/texlive/2013/texmf-dist/tex/generic/pgf/systemlayer/pgf.cfg
File: pgf.cfg 2008/05/14  (rcs-revision 1.7)
)
Package pgfsys Info: Driver file for pgf: pgfsys-pdftex.def on input line 900.

(/usr/local/texlive/2013/texmf-dist/tex/generic/pgf/systemlayer/pgfsys-pdftex.d
ef
File: pgfsys-pdftex.def 2009/05/22  (rcs-revision 1.26)

(/usr/local/texlive/2013/texmf-dist/tex/generic/pgf/systemlayer/pgfsys-common-p
df.def
File: pgfsys-common-pdf.def 2008/05/19  (rcs-revision 1.10)
)))
(/usr/local/texlive/2013/texmf-dist/tex/generic/pgf/systemlayer/pgfsyssoftpath.
code.tex
File: pgfsyssoftpath.code.tex 2008/07/18  (rcs-revision 1.7)
\pgfsyssoftpath@smallbuffer@items=\count137
\pgfsyssoftpath@bigbuffer@items=\count138
)
(/usr/local/texlive/2013/texmf-dist/tex/generic/pgf/systemlayer/pgfsysprotocol.
code.tex
File: pgfsysprotocol.code.tex 2006/10/16  (rcs-revision 1.4)
))
(/usr/local/texlive/2013/texmf-dist/tex/generic/pgf/basiclayer/pgfcore.code.tex
Package: pgfcore 2010/04/11 v2.10 (rcs-revision 1.7)
(/usr/local/texlive/2013/texmf-dist/tex/generic/pgf/math/pgfmath.code.tex
(/usr/local/texlive/2013/texmf-dist/tex/generic/pgf/math/pgfmathcalc.code.tex
(/usr/local/texlive/2013/texmf-dist/tex/generic/pgf/math/pgfmathutil.code.tex)
(/usr/local/texlive/2013/texmf-dist/tex/generic/pgf/math/pgfmathparser.code.tex
\pgfmath@dimen=\dimen168
\pgfmath@count=\count139
\pgfmath@box=\box36
\pgfmath@toks=\toks38
\pgfmath@stack@operand=\toks39
\pgfmath@stack@operation=\toks40
)
(/usr/local/texlive/2013/texmf-dist/tex/generic/pgf/math/pgfmathfunctions.code.
tex
(/usr/local/texlive/2013/texmf-dist/tex/generic/pgf/math/pgfmathfunctions.basic
.code.tex)
(/usr/local/texlive/2013/texmf-dist/tex/generic/pgf/math/pgfmathfunctions.trigo
nometric.code.tex)
(/usr/local/texlive/2013/texmf-dist/tex/generic/pgf/math/pgfmathfunctions.rando
m.code.tex)
(/usr/local/texlive/2013/texmf-dist/tex/generic/pgf/math/pgfmathfunctions.compa
rison.code.tex)
(/usr/local/texlive/2013/texmf-dist/tex/generic/pgf/math/pgfmathfunctions.base.
code.tex)
(/usr/local/texlive/2013/texmf-dist/tex/generic/pgf/math/pgfmathfunctions.round
.code.tex)
(/usr/local/texlive/2013/texmf-dist/tex/generic/pgf/math/pgfmathfunctions.misc.
code.tex)))
(/usr/local/texlive/2013/texmf-dist/tex/generic/pgf/math/pgfmathfloat.code.tex
\c@pgfmathroundto@lastzeros=\count140
))
(/usr/local/texlive/2013/texmf-dist/tex/generic/pgf/basiclayer/pgfcorepoints.co
de.tex
File: pgfcorepoints.code.tex 2010/04/09  (rcs-revision 1.20)
\pgf@picminx=\dimen169
\pgf@picmaxx=\dimen170
\pgf@picminy=\dimen171
\pgf@picmaxy=\dimen172
\pgf@pathminx=\dimen173
\pgf@pathmaxx=\dimen174
\pgf@pathminy=\dimen175
\pgf@pathmaxy=\dimen176
\pgf@xx=\dimen177
\pgf@xy=\dimen178
\pgf@yx=\dimen179
\pgf@yy=\dimen180
\pgf@zx=\dimen181
\pgf@zy=\dimen182
)
(/usr/local/texlive/2013/texmf-dist/tex/generic/pgf/basiclayer/pgfcorepathconst
ruct.code.tex
File: pgfcorepathconstruct.code.tex 2010/08/03  (rcs-revision 1.24)
\pgf@path@lastx=\dimen183
\pgf@path@lasty=\dimen184
)
(/usr/local/texlive/2013/texmf-dist/tex/generic/pgf/basiclayer/pgfcorepathusage
.code.tex
File: pgfcorepathusage.code.tex 2008/04/22  (rcs-revision 1.12)
\pgf@shorten@end@additional=\dimen185
\pgf@shorten@start@additional=\dimen186
)
(/usr/local/texlive/2013/texmf-dist/tex/generic/pgf/basiclayer/pgfcorescopes.co
de.tex
File: pgfcorescopes.code.tex 2010/09/08  (rcs-revision 1.34)
\pgfpic=\box37
\pgf@hbox=\box38
\pgf@layerbox@main=\box39
\pgf@picture@serial@count=\count141
)
(/usr/local/texlive/2013/texmf-dist/tex/generic/pgf/basiclayer/pgfcoregraphicst
ate.code.tex
File: pgfcoregraphicstate.code.tex 2008/04/22  (rcs-revision 1.9)
\pgflinewidth=\dimen187
)
(/usr/local/texlive/2013/texmf-dist/tex/generic/pgf/basiclayer/pgfcoretransform
ations.code.tex
File: pgfcoretransformations.code.tex 2009/06/10  (rcs-revision 1.11)
\pgf@pt@x=\dimen188
\pgf@pt@y=\dimen189
\pgf@pt@temp=\dimen190
)
(/usr/local/texlive/2013/texmf-dist/tex/generic/pgf/basiclayer/pgfcorequick.cod
e.tex
File: pgfcorequick.code.tex 2008/10/09  (rcs-revision 1.3)
)
(/usr/local/texlive/2013/texmf-dist/tex/generic/pgf/basiclayer/pgfcoreobjects.c
ode.tex
File: pgfcoreobjects.code.tex 2006/10/11  (rcs-revision 1.2)
)
(/usr/local/texlive/2013/texmf-dist/tex/generic/pgf/basiclayer/pgfcorepathproce
ssing.code.tex
File: pgfcorepathprocessing.code.tex 2008/10/09  (rcs-revision 1.8)
)
(/usr/local/texlive/2013/texmf-dist/tex/generic/pgf/basiclayer/pgfcorearrows.co
de.tex
File: pgfcorearrows.code.tex 2008/04/23  (rcs-revision 1.11)
)
(/usr/local/texlive/2013/texmf-dist/tex/generic/pgf/basiclayer/pgfcoreshade.cod
e.tex
File: pgfcoreshade.code.tex 2008/11/23  (rcs-revision 1.13)
\pgf@max=\dimen191
\pgf@sys@shading@range@num=\count142
)
(/usr/local/texlive/2013/texmf-dist/tex/generic/pgf/basiclayer/pgfcoreimage.cod
e.tex
File: pgfcoreimage.code.tex 2010/03/25  (rcs-revision 1.16)

(/usr/local/texlive/2013/texmf-dist/tex/generic/pgf/basiclayer/pgfcoreexternal.
code.tex
File: pgfcoreexternal.code.tex 2010/09/01  (rcs-revision 1.17)
\pgfexternal@startupbox=\box40
))
(/usr/local/texlive/2013/texmf-dist/tex/generic/pgf/basiclayer/pgfcorelayers.co
de.tex
File: pgfcorelayers.code.tex 2010/08/27  (rcs-revision 1.2)
)
(/usr/local/texlive/2013/texmf-dist/tex/generic/pgf/basiclayer/pgfcoretranspare
ncy.code.tex
File: pgfcoretransparency.code.tex 2008/01/17  (rcs-revision 1.2)
)
(/usr/local/texlive/2013/texmf-dist/tex/generic/pgf/basiclayer/pgfcorepatterns.
code.tex
File: pgfcorepatterns.code.tex 2009/07/02  (rcs-revision 1.3)
)))
(/usr/local/texlive/2013/texmf-dist/tex/generic/pgf/modules/pgfmoduleshapes.cod
e.tex
File: pgfmoduleshapes.code.tex 2010/09/09  (rcs-revision 1.13)
\pgfnodeparttextbox=\box41
)
(/usr/local/texlive/2013/texmf-dist/tex/generic/pgf/modules/pgfmoduleplot.code.
tex
File: pgfmoduleplot.code.tex 2010/10/22  (rcs-revision 1.8)
)
(/usr/local/texlive/2013/texmf-dist/tex/latex/pgf/compatibility/pgfcomp-version
-0-65.sty
Package: pgfcomp-version-0-65 2007/07/03 v2.10 (rcs-revision 1.7)
\pgf@nodesepstart=\dimen192
\pgf@nodesepend=\dimen193
)
(/usr/local/texlive/2013/texmf-dist/tex/latex/pgf/compatibility/pgfcomp-version
-1-18.sty
Package: pgfcomp-version-1-18 2007/07/23 v2.10 (rcs-revision 1.1)
))
(/usr/local/texlive/2013/texmf-dist/tex/latex/pgf/utilities/pgffor.sty
(/usr/local/texlive/2013/texmf-dist/tex/latex/pgf/utilities/pgfkeys.sty
(/usr/local/texlive/2013/texmf-dist/tex/generic/pgf/utilities/pgfkeys.code.tex)
) (/usr/local/texlive/2013/texmf-dist/tex/generic/pgf/utilities/pgffor.code.tex
Package: pgffor 2010/03/23 v2.10 (rcs-revision 1.18)
\pgffor@iter=\dimen194
\pgffor@skip=\dimen195
\pgffor@stack=\toks41
\pgffor@toks=\toks42
))
(/usr/local/texlive/2013/texmf-dist/tex/generic/pgf/frontendlayer/tikz/tikz.cod
e.tex
Package: tikz 2010/10/13 v2.10 (rcs-revision 1.76)

(/usr/local/texlive/2013/texmf-dist/tex/generic/pgf/libraries/pgflibraryplothan
dlers.code.tex
File: pgflibraryplothandlers.code.tex 2010/05/31 v2.10 (rcs-revision 1.15)
\pgf@plot@mark@count=\count143
\pgfplotmarksize=\dimen196
)
\tikz@lastx=\dimen197
\tikz@lasty=\dimen198
\tikz@lastxsaved=\dimen199
\tikz@lastysaved=\dimen200
\tikzleveldistance=\dimen201
\tikzsiblingdistance=\dimen202
\tikz@figbox=\box42
\tikz@tempbox=\box43
\tikztreelevel=\count144
\tikznumberofchildren=\count145
\tikznumberofcurrentchild=\count146
\tikz@fig@count=\count147

(/usr/local/texlive/2013/texmf-dist/tex/generic/pgf/modules/pgfmodulematrix.cod
e.tex
File: pgfmodulematrix.code.tex 2010/08/24  (rcs-revision 1.4)
\pgfmatrixcurrentrow=\count148
\pgfmatrixcurrentcolumn=\count149
\pgf@matrix@numberofcolumns=\count150
)
\tikz@expandcount=\count151

(/usr/local/texlive/2013/texmf-dist/tex/generic/pgf/frontendlayer/tikz/librarie
s/tikzlibrarytopaths.code.tex
File: tikzlibrarytopaths.code.tex 2008/06/17 v2.10 (rcs-revision 1.2)
)))
No file Spring_JP.aux.
\openout1 = `Spring_JP.aux'.

LaTeX Font Info:    Checking defaults for OML/cmm/m/it on input line 12.
LaTeX Font Info:    ... okay on input line 12.
LaTeX Font Info:    Checking defaults for T1/cmr/m/n on input line 12.
LaTeX Font Info:    ... okay on input line 12.
LaTeX Font Info:    Checking defaults for OT1/cmr/m/n on input line 12.
LaTeX Font Info:    ... okay on input line 12.
LaTeX Font Info:    Checking defaults for OMS/cmsy/m/n on input line 12.
LaTeX Font Info:    ... okay on input line 12.
LaTeX Font Info:    Checking defaults for OMX/cmex/m/n on input line 12.
LaTeX Font Info:    ... okay on input line 12.
LaTeX Font Info:    Checking defaults for U/cmr/m/n on input line 12.
LaTeX Font Info:    ... okay on input line 12.
LaTeX Font Info:    Checking defaults for PD1/pdf/m/n on input line 12.
LaTeX Font Info:    ... okay on input line 12.
LaTeX Font Info:    Checking defaults for PU/pdf/m/n on input line 12.
LaTeX Font Info:    ... okay on input line 12.
LaTeX Font Info:    Checking defaults for TS1/cmr/m/n on input line 12.
LaTeX Font Info:    Try loading font information for TS1+cmr on input line 12.
(/usr/local/texlive/2013/texmf-dist/tex/latex/base/ts1cmr.fd
File: ts1cmr.fd 1999/05/25 v2.5h Standard LaTeX font definitions
)
LaTeX Font Info:    ... okay on input line 12.
LaTeX Font Info:    Try loading font information for T1+ptm on input line 12.

(/usr/local/texlive/2013/texmf-dist/tex/latex/psnfss/t1ptm.fd
File: t1ptm.fd 2001/06/04 font definitions for T1/ptm.
)
(/usr/local/texlive/2013/texmf-dist/tex/context/base/supp-pdf.mkii
[Loading MPS to PDF converter (version 2006.09.02).]
\scratchcounter=\count152
\scratchdimen=\dimen203
\scratchbox=\box44
\nofMPsegments=\count153
\nofMParguments=\count154
\everyMPshowfont=\toks43
\MPscratchCnt=\count155
\MPscratchDim=\dimen204
\MPnumerator=\count156
\makeMPintoPDFobject=\count157
\everyMPtoPDFconversion=\toks44
)
LaTeX Info: Redefining \microtypecontext on input line 12.
Package microtype Info: Generating PDF output.
Package microtype Info: Character protrusion enabled (level 2).
Package microtype Info: Using default protrusion set `alltext'.
Package microtype Info: Automatic font expansion enabled (level 2),
(microtype)             stretch: 20, shrink: 20, step: 1, non-selected.
Package microtype Info: Using default expansion set `basictext'.
Package microtype Info: No adjustment of tracking.
Package microtype Info: No adjustment of interword spacing.
Package microtype Info: No adjustment of character kerning.
 (/usr/local/texlive/2013/texmf-dist/tex/latex/microtype/mt-ptm.cfg
File: mt-ptm.cfg 2006/04/20 v1.7 microtype config. file: Times (RS)
)
*geometry* driver: auto-detecting
*geometry* detected driver: pdftex
*geometry* verbose mode - [ preamble ] result:
* driver: pdftex
* paper: <default>
* layout: <same size as paper>
* layoutoffset:(h,v)=(0.0pt,0.0pt)
* modes: 
* h-part:(L,W,R)=(72.26999pt, 469.75502pt, 72.26999pt)
* v-part:(T,H,B)=(72.26999pt, 650.43001pt, 72.26999pt)
* \paperwidth=614.295pt
* \paperheight=794.96999pt
* \textwidth=469.75502pt
* \textheight=650.43001pt
* \oddsidemargin=0.0pt
* \evensidemargin=0.0pt
* \topmargin=-37.0pt
* \headheight=12.0pt
* \headsep=25.0pt
* \topskip=12.0pt
* \footskip=30.0pt
* \marginparwidth=46.97505pt
* \marginparsep=10.0pt
* \columnsep=18.06749pt
* \skip\footins=10.8pt plus 4.0pt minus 2.0pt
* \hoffset=0.0pt
* \voffset=0.0pt
* \mag=1000
* \@twocolumnfalse
* \@twosidefalse
* \@mparswitchfalse
* \@reversemarginfalse
* (1in=72.27pt=25.4mm, 1cm=28.453pt)

Package caption Info: Begin \AtBeginDocument code.
Package caption Info: subfig package v1.3 is loaded.
Package caption Info: float package is loaded.
Package caption Info: hyperref package is loaded.
Package caption Info: End \AtBeginDocument code.
(/usr/local/texlive/2013/texmf-dist/tex/latex/oberdiek/epstopdf-base.sty
Package: epstopdf-base 2010/02/09 v2.5 Base part for package epstopdf

(/usr/local/texlive/2013/texmf-dist/tex/latex/oberdiek/grfext.sty
Package: grfext 2010/08/19 v1.1 Manage graphics extensions (HO)
)
Package grfext Info: Graphics extension search list:
(grfext)             [.png,.pdf,.jpg,.mps,.jpeg,.jbig2,.jb2,.PNG,.PDF,.JPG,.JPE
G,.JBIG2,.JB2,.eps]
(grfext)             \AppendGraphicsExtensions on input line 452.

(/usr/local/texlive/2013/texmf-dist/tex/latex/latexconfig/epstopdf-sys.cfg
File: epstopdf-sys.cfg 2010/07/13 v1.3 Configuration of (r)epstopdf for TeX Liv
e
))
\AtBeginShipoutBox=\box45
Package hyperref Info: Link coloring ON on input line 12.

(/usr/local/texlive/2013/texmf-dist/tex/latex/hyperref/nameref.sty
Package: nameref 2012/10/27 v2.43 Cross-referencing by name of section

(/usr/local/texlive/2013/texmf-dist/tex/generic/oberdiek/gettitlestring.sty
Package: gettitlestring 2010/12/03 v1.4 Cleanup title references (HO)
)
\c@section@level=\count158
)
LaTeX Info: Redefining \ref on input line 12.
LaTeX Info: Redefining \pageref on input line 12.
LaTeX Info: Redefining \nameref on input line 12.

(./Spring_JP.out) (./Spring_JP.out)
\@outlinefile=\write4
\openout4 = `Spring_JP.out'.


Option `squaren' provided! 
 Command \squaren defined by SIunits package!

ABD: EveryShipout initializing macros
LaTeX Font Info:    Font shape `T1/ptm/bx/n' in size <17.28> not available
(Font)              Font shape `T1/ptm/b/n' tried instead on input line 18.
LaTeX Font Info:    Try loading font information for OT1+ztmcm on input line 18
.

(/usr/local/texlive/2013/texmf-dist/tex/latex/psnfss/ot1ztmcm.fd
File: ot1ztmcm.fd 2000/01/03 Fontinst v1.801 font definitions for OT1/ztmcm.
)
Package microtype Info: Loading generic settings for font family
(microtype)             `ztmcm' (encoding: OT1).
(microtype)             For optimal results, create family-specific settings.
(microtype)             See the microtype manual for details.
LaTeX Font Info:    Try loading font information for OML+ztmcm on input line 18
.

(/usr/local/texlive/2013/texmf-dist/tex/latex/psnfss/omlztmcm.fd
File: omlztmcm.fd 2000/01/03 Fontinst v1.801 font definitions for OML/ztmcm.
)
LaTeX Font Info:    Try loading font information for OMS+ztmcm on input line 18
.

(/usr/local/texlive/2013/texmf-dist/tex/latex/psnfss/omsztmcm.fd
File: omsztmcm.fd 2000/01/03 Fontinst v1.801 font definitions for OMS/ztmcm.
)
LaTeX Font Info:    Try loading font information for OMX+ztmcm on input line 18
.

(/usr/local/texlive/2013/texmf-dist/tex/latex/psnfss/omxztmcm.fd
File: omxztmcm.fd 2000/01/03 Fontinst v1.801 font definitions for OMX/ztmcm.
)
LaTeX Font Info:    Try loading font information for OT1+ptm on input line 18.

(/usr/local/texlive/2013/texmf-dist/tex/latex/psnfss/ot1ptm.fd
File: ot1ptm.fd 2001/06/04 font definitions for OT1/ptm.
)
LaTeX Font Info:    Font shape `OT1/ptm/bx/n' in size <14.4> not available
(Font)              Font shape `OT1/ptm/b/n' tried instead on input line 18.
LaTeX Font Info:    Font shape `OT1/ptm/bx/n' in size <10.95> not available
(Font)              Font shape `OT1/ptm/b/n' tried instead on input line 18.
LaTeX Font Info:    Font shape `OT1/ptm/bx/n' in size <8> not available
(Font)              Font shape `OT1/ptm/b/n' tried instead on input line 18.

(/usr/local/texlive/2013/texmf-dist/tex/latex/microtype/mt-eur.cfg
File: mt-eur.cfg 2006/07/31 v1.1 microtype config. file: AMS Euler Roman (RS)
)
LaTeX Font Info:    Font shape `T1/ptm/bx/n' in size <14.4> not available
(Font)              Font shape `T1/ptm/b/n' tried instead on input line 21.
LaTeX Font Info:    Font shape `T1/ptm/bx/n' in size <12> not available
(Font)              Font shape `T1/ptm/b/n' tried instead on input line 28.


LaTeX Warning: Citation `cellphone-ownership' on page 1 undefined on input line
 28.


LaTeX Warning: Citation `twitterTurns7' on page 1 undefined on input line 28.


LaTeX Warning: Citation `textingFreq' on page 1 undefined on input line 28.


LaTeX Warning: Citation `Cyberbullying' on page 1 undefined on input line 30.


LaTeX Warning: Citation `socialmedia-crime' on page 1 undefined on input line 3
0.


LaTeX Warning: Citation `phishing' on page 1 undefined on input line 30.

[1

{/usr/local/texlive/2013/texmf-var/fonts/map/pdftex/updmap/pdftex.map}]
LaTeX Font Info:    Try loading font information for OMS+ptm on input line 36.

(/usr/local/texlive/2013/texmf-dist/tex/latex/psnfss/omsptm.fd
File: omsptm.fd 
)
LaTeX Font Info:    Font shape `OMS/ptm/m/n' in size <12> not available
(Font)              Font shape `OMS/cmsy/m/n' tried instead on input line 36.
 [2]
LaTeX Font Info:    Font shape `OT1/ptm/bx/n' in size <12> not available
(Font)              Font shape `OT1/ptm/b/n' tried instead on input line 47.
LaTeX Font Info:    Font shape `OT1/ptm/bx/n' in size <9> not available
(Font)              Font shape `OT1/ptm/b/n' tried instead on input line 47.
LaTeX Font Info:    Font shape `OT1/ptm/bx/n' in size <7> not available
(Font)              Font shape `OT1/ptm/b/n' tried instead on input line 47.


LaTeX Warning: Citation `survey' on page 3 undefined on input line 56.


LaTeX Warning: Citation `survey' on page 3 undefined on input line 56.


LaTeX Warning: Citation `survey' on page 3 undefined on input line 56.


LaTeX Warning: Citation `performance_of_features' on page 3 undefined on input 
line 56.

[3]

LaTeX Warning: Citation `performance_of_features' on page 4 undefined on input 
line 57.


LaTeX Warning: Citation `Argamon05measuringthe' on page 4 undefined on input li
ne 57.

[4]

LaTeX Warning: Citation `Syntactic-authorship' on page 5 undefined on input lin
e 67.


LaTeX Warning: Citation `survey' on page 5 undefined on input line 67.


LaTeX Warning: Citation `Syntactic-authorship' on page 5 undefined on input lin
e 67.


LaTeX Warning: Citation `Argamon05measuringthe' on page 5 undefined on input li
ne 67.


LaTeX Warning: Citation `survey' on page 5 undefined on input line 67.


LaTeX Warning: Citation `survey' on page 5 undefined on input line 67.


LaTeX Warning: Citation `DBLP:conf/coling/Gamon04' on page 5 undefined on input
 line 67.


LaTeX Warning: Citation `Syntactic-authorship' on page 5 undefined on input lin
e 67.


LaTeX Warning: Reference `fig:Tweet' on page 5 undefined on input line 72.

<example_Tweet.png, id=33, 460.72125pt x 217.81375pt>
File: example_Tweet.png Graphic file (type png)
 <use example_Tweet.png>
Package pdftex.def Info: example_Tweet.png used on input line 75.
(pdftex.def)             Requested size: 253.39746pt x 119.79791pt.
LaTeX Font Info:    Try loading font information for T1+phv on input line 77.

(/usr/local/texlive/2013/texmf-dist/tex/latex/psnfss/t1phv.fd
File: t1phv.fd 2001/06/04 scalable font definitions for T1/phv.
)
LaTeX Font Info:    Font shape `T1/phv/m/n' will be
(Font)              scaled to size 9.99591pt on input line 77.
Package microtype Info: Loading generic settings for font family
(microtype)             `phv' (encoding: T1).
(microtype)             For optimal results, create family-specific settings.
(microtype)             See the microtype manual for details.
LaTeX Font Info:    Font shape `T1/phv/bx/n' in size <12> not available
(Font)              Font shape `T1/phv/b/n' tried instead on input line 77.
LaTeX Font Info:    Font shape `T1/phv/b/n' will be
(Font)              scaled to size 9.99591pt on input line 77.


LaTeX Warning: `!h' float specifier changed to `!ht'.

[5]

LaTeX Warning: Citation `survey' on page 6 undefined on input line 85.


LaTeX Warning: Citation `survey' on page 6 undefined on input line 85.


LaTeX Warning: Citation `survey' on page 6 undefined on input line 86.

[6 <./example_Tweet.png>]

LaTeX Warning: Citation `140' on page 7 undefined on input line 96.


LaTeX Warning: Citation `whose-Tweet' on page 7 undefined on input line 98.

[7]

LaTeX Warning: Citation `Greek-paper' on page 8 undefined on input line 100.


LaTeX Warning: Citation `schwartz-EtAl:2013:EMNLP' on page 8 undefined on input
 line 100.


LaTeX Warning: Citation `schwartz-EtAl:2013:EMNLP' on page 8 undefined on input
 line 100.


LaTeX Warning: Citation `survey' on page 8 undefined on input line 112.


LaTeX Warning: Citation `twitter4j' on page 8 undefined on input line 114.

[8]

LaTeX Warning: Citation `MWFunction' on page 9 undefined on input line 118.


LaTeX Warning: Citation `survey' on page 9 undefined on input line 121.

[9]

LaTeX Warning: Citation `JGAAP' on page 10 undefined on input line 125.


LaTeX Warning: Reference `fig:experimentStructure' on page 10 undefined on inpu
t line 125.

<experimentStructure.png, id=73, 722.7pt x 542.025pt>
File: experimentStructure.png Graphic file (type png)

<use experimentStructure.png>
Package pdftex.def Info: experimentStructure.png used on input line 128.
(pdftex.def)             Requested size: 361.3491pt x 271.01183pt.


LaTeX Warning: `!h' float specifier changed to `!ht'.

[10] [11 <./experimentStructure.png>]

LaTeX Warning: Reference `fig:GeneralResults' on page 12 undefined on input lin
e 164.

<./Graphs/GeneralFeatureMethodResults.png, id=93, 615.7404pt x 308.352pt>
File: ./Graphs/GeneralFeatureMethodResults.png Graphic file (type png)

<use ./Graphs/GeneralFeatureMethodResults.png>
Package pdftex.def Info: ./Graphs/GeneralFeatureMethodResults.png used on input
 line 167.
(pdftex.def)             Requested size: 523.3818pt x 262.10043pt.

Overfull \hbox (53.62679pt too wide) in paragraph at lines 167--168
 [] 
 []


LaTeX Warning: Reference `generalStdDev' on page 12 undefined on input line 169
.


LaTeX Warning: Reference `sec:explainingStdDev' on page 12 undefined on input l
ine 169.


LaTeX Warning: Reference `generalStdDev' on page 12 undefined on input line 169
.


LaTeX Warning: Reference `sec:explainingStdDev' on page 12 undefined on input l
ine 169.

[12 <./Graphs/GeneralFeatureMethodResults.png>]

LaTeX Warning: Reference `fig:GeneralVaryingTraining' on page 13 undefined on i
nput line 178.


LaTeX Warning: Reference `fig:GeneralVaryingTest' on page 13 undefined on input
 line 178.

<./Graphs/GeneralVaryingTrainingSetSize.png, id=104, 615.2586pt x 308.352pt>
File: ./Graphs/GeneralVaryingTrainingSetSize.png Graphic file (type png)

<use ./Graphs/GeneralVaryingTrainingSetSize.png>
Package pdftex.def Info: ./Graphs/GeneralVaryingTrainingSetSize.png used on inp
ut line 181.
(pdftex.def)             Requested size: 492.20755pt x 246.68193pt.

Overfull \hbox (22.45253pt too wide) in paragraph at lines 181--182
 [] 
 []


LaTeX Warning: Reference `OverallChangeTraining' on page 13 undefined on input 
line 183.


LaTeX Warning: Reference `trainingStdDev' on page 13 undefined on input line 18
3.


LaTeX Warning: Reference `sec:explainingStdDev' on page 13 undefined on input l
ine 183.


LaTeX Warning: Reference `OverallChangeTraining' on page 13 undefined on input 
line 183.


LaTeX Warning: Reference `trainingStdDev' on page 13 undefined on input line 18
3.


LaTeX Warning: Reference `sec:explainingStdDev' on page 13 undefined on input l
ine 183.

<./Graphs/GeneralVaryingTestSetSize.png, id=106, 615.2586pt x 308.352pt>
File: ./Graphs/GeneralVaryingTestSetSize.png Graphic file (type png)

<use ./Graphs/GeneralVaryingTestSetSize.png>
Package pdftex.def Info: ./Graphs/GeneralVaryingTestSetSize.png used on input l
ine 188.
(pdftex.def)             Requested size: 492.20755pt x 246.68193pt.

Overfull \hbox (22.45253pt too wide) in paragraph at lines 188--189
 [] 
 []


LaTeX Warning: Reference `OverallChangeTest' on page 13 undefined on input line
 190.


LaTeX Warning: Reference `testStdDev' on page 13 undefined on input line 190.


LaTeX Warning: Reference `sec:explainingStdDev' on page 13 undefined on input l
ine 190.


LaTeX Warning: Reference `OverallChangeTest' on page 13 undefined on input line
 190.


LaTeX Warning: Reference `testStdDev' on page 13 undefined on input line 190.


LaTeX Warning: Reference `sec:explainingStdDev' on page 13 undefined on input l
ine 190.


LaTeX Warning: Reference `fig:GeneralVaryingTraining' on page 13 undefined on i
nput line 193.


LaTeX Warning: Reference `fig:GeneralVaryingTest' on page 13 undefined on input
 line 193.


LaTeX Warning: `!h' float specifier changed to `!ht'.


LaTeX Warning: `!h' float specifier changed to `!ht'.


LaTeX Warning: Reference `fig:GeneralVaryingTraining' on page 13 undefined on i
nput line 196.

[13]

LaTeX Warning: Text page 14 contains only floats.

[14 <./Graphs/GeneralVaryingTrainingSetSize.png> <./Graphs/GeneralVaryingTestSe
tSize.png>]

LaTeX Warning: Reference `fig:GeneralVaryingTest' on page 15 undefined on input
 line 198.


LaTeX Warning: Reference `fig:VaryingTest' on page 15 undefined on input line 2
00.


<./Graphs/LinearSVMVaryTest50Auth50Train.png, id=124, 308.8338pt x 308.8338pt>
File: ./Graphs/LinearSVMVaryTest50Auth50Train.png Graphic file (type png)

<use ./Graphs/LinearSVMVaryTest50Auth50Train.png>
Package pdftex.def Info: ./Graphs/LinearSVMVaryTest50Auth50Train.png used on in
put line 203.
(pdftex.def)             Requested size: 231.62477pt x 231.62477pt.

<./Graphs/LinearSVMVaryTest50Auth500Train.png, id=126, 308.352pt x 308.352pt>
File: ./Graphs/LinearSVMVaryTest50Auth500Train.png Graphic file (type png)

<use ./Graphs/LinearSVMVaryTest50Auth500Train.png>
Package pdftex.def Info: ./Graphs/LinearSVMVaryTest50Auth500Train.png used on i
nput line 204.
(pdftex.def)             Requested size: 231.26343pt x 231.26343pt.

<./Graphs/LinearSVMVaryTest5Auth50Train.png, id=128, 308.352pt x 308.352pt>
File: ./Graphs/LinearSVMVaryTest5Auth50Train.png Graphic file (type png)

<use ./Graphs/LinearSVMVaryTest5Auth50Train.png>
Package pdftex.def Info: ./Graphs/LinearSVMVaryTest5Auth50Train.png used on inp
ut line 205.
(pdftex.def)             Requested size: 231.26343pt x 231.26343pt.

<./Graphs/LinearSVMVaryTest5Auth500Train.png, id=130, 308.352pt x 308.352pt>
File: ./Graphs/LinearSVMVaryTest5Auth500Train.png Graphic file (type png)

<use ./Graphs/LinearSVMVaryTest5Auth500Train.png>
Package pdftex.def Info: ./Graphs/LinearSVMVaryTest5Auth500Train.png used on in
put line 206.
(pdftex.def)             Requested size: 231.26343pt x 231.26343pt.

<./Graphs/4graphLegend.png, id=132, 347.2975pt x 19.07124pt>
File: ./Graphs/4graphLegend.png Graphic file (type png)

<use ./Graphs/4graphLegend.png>
Package pdftex.def Info: ./Graphs/4graphLegend.png used on input line 207.
(pdftex.def)             Requested size: 347.29665pt x 19.07118pt.


LaTeX Warning: Reference `fig:GeneralVaryingTrain' on page 15 undefined on inpu
t line 212.


LaTeX Warning: Reference `fig:VaryingTestMarkov' on page 15 undefined on input 
line 212.


LaTeX Warning: Reference `fig:VaryingTestBurrows' on page 15 undefined on input
 line 212.


LaTeX Warning: `!h' float specifier changed to `!ht'.

[15]
<./Graphs/GeneralVaryAuthorImprovementOverRandom.png, id=138, 615.7404pt x 308.
352pt>
File: ./Graphs/GeneralVaryAuthorImprovementOverRandom.png Graphic file (type pn
g)
 <use ./Graphs/GeneralVaryAuthorImprovementOverRandom.png>
Package pdftex.def Info: ./Graphs/GeneralVaryAuthorImprovementOverRandom.png us
ed on input line 219.
(pdftex.def)             Requested size: 523.3818pt x 262.10043pt.

Overfull \hbox (53.62679pt too wide) in paragraph at lines 219--220
 [] 
 []


LaTeX Warning: Reference `fig:GeneralVaryingAuthorImprovement' on page 16 undef
ined on input line 224.


LaTeX Warning: Reference `percent-change' on page 16 undefined on input line 22
4.

[16 <./Graphs/LinearSVMVaryTest50Auth50Train.png> <./Graphs/LinearSVMVaryTest50
Auth500Train.png> <./Graphs/LinearSVMVaryTest5Auth50Train.png> <./Graphs/Linear
SVMVaryTest5Auth500Train.png> <./Graphs/4graphLegend.png>] [17 <./Graphs/Genera
lVaryAuthorImprovementOverRandom.png>]
<./Graphs/Top3Markov.png, id=163, 308.352pt x 308.352pt>
File: ./Graphs/Top3Markov.png Graphic file (type png)

<use ./Graphs/Top3Markov.png>
Package pdftex.def Info: ./Graphs/Top3Markov.png used on input line 243.
(pdftex.def)             Requested size: 154.17561pt x 154.17561pt.

<./Graphs/Top3SVM.png, id=165, 308.352pt x 308.352pt>
File: ./Graphs/Top3SVM.png Graphic file (type png)

<use ./Graphs/Top3SVM.png>
Package pdftex.def Info: ./Graphs/Top3SVM.png used on input line 244.
(pdftex.def)             Requested size: 154.17561pt x 154.17561pt.

<./Graphs/Top3BurrowsDelta.png, id=167, 308.352pt x 308.352pt>
File: ./Graphs/Top3BurrowsDelta.png Graphic file (type png)

<use ./Graphs/Top3BurrowsDelta.png>
Package pdftex.def Info: ./Graphs/Top3BurrowsDelta.png used on input line 245.
(pdftex.def)             Requested size: 154.17561pt x 154.17561pt.

<featureLegend.png, id=169, 260.975pt x 64.24pt>
File: featureLegend.png Graphic file (type png)
 <use featureLegend.png>
Package pdftex.def Info: featureLegend.png used on input line 246.
(pdftex.def)             Requested size: 234.87534pt x 57.81546pt.


LaTeX Warning: Reference `fig:FeaturesVaryingAuth' on page 18 undefined on inpu
t line 251.


LaTeX Warning: Reference `fig:GeneralResults' on page 18 undefined on input lin
e 255.


LaTeX Warning: Reference `fig:GeneralVaryingTraining' on page 18 undefined on i
nput line 255.


LaTeX Warning: Reference `fig:GeneralVaryingTest' on page 18 undefined on input
 line 255.


LaTeX Warning: Reference `fig:GeneralResults' on page 18 undefined on input lin
e 255.


LaTeX Warning: Reference `fig:GeneralVaryingTraining' on page 18 undefined on i
nput line 255.


LaTeX Warning: Reference `fig:GeneralVaryingTest' on page 18 undefined on input
 line 255.


LaTeX Warning: Reference `percent-change' on page 18 undefined on input line 25
5.


LaTeX Warning: Reference `generalStdDev' on page 18 undefined on input line 255
.


LaTeX Warning: Reference `trainingStdDev' on page 18 undefined on input line 25
5.


LaTeX Warning: Reference `testStdDev' on page 18 undefined on input line 255.

[18 <./Graphs/Top3Markov.png> <./Graphs/Top3SVM.png> <./Graphs/Top3BurrowsDelta
.png> <./featureLegend.png>]

LaTeX Warning: Reference `table:randAuthorSets' on page 19 undefined on input l
ine 262.

[19]

LaTeX Warning: Citation `Argamon05measuringthe' on page 20 undefined on input l
ine 283.


LaTeX Warning: Citation `performance_of_features' on page 20 undefined on input
 line 283.

[20] [21] <signature.png, id=202, 675.52374pt x 141.52875pt>
File: signature.png Graphic file (type png)

<use signature.png>
Package pdftex.def Info: signature.png used on input line 311.
(pdftex.def)             Requested size: 168.88052pt x 35.3821pt.
 (./Spring_JP.bbl [22]
LaTeX Font Info:    Font shape `OT1/ptm/bx/n' in size <10> not available
(Font)              Font shape `OT1/ptm/b/n' tried instead on input line 46.
LaTeX Font Info:    Font shape `OT1/ptm/bx/n' in size <7.4> not available
(Font)              Font shape `OT1/ptm/b/n' tried instead on input line 46.
LaTeX Font Info:    Font shape `OT1/ptm/bx/n' in size <6> not available
(Font)              Font shape `OT1/ptm/b/n' tried instead on input line 46.
 [23 <./signature.png>])

LaTeX Warning: `!h' float specifier changed to `!ht'.


LaTeX Warning: `h' float specifier changed to `ht'.

<./Graphs/LinearSVMVaryTrain50Auth25Test.png, id=245, 308.352pt x 308.352pt>
File: ./Graphs/LinearSVMVaryTrain50Auth25Test.png Graphic file (type png)

<use ./Graphs/LinearSVMVaryTrain50Auth25Test.png>
Package pdftex.def Info: ./Graphs/LinearSVMVaryTrain50Auth25Test.png used on in
put line 393.
(pdftex.def)             Requested size: 231.26343pt x 231.26343pt.

<./Graphs/LinearSVMVaryTrain50Auth100Test.png, id=247, 308.352pt x 308.8338pt>
File: ./Graphs/LinearSVMVaryTrain50Auth100Test.png Graphic file (type png)

<use ./Graphs/LinearSVMVaryTrain50Auth100Test.png>
Package pdftex.def Info: ./Graphs/LinearSVMVaryTrain50Auth100Test.png used on i
nput line 394.
(pdftex.def)             Requested size: 231.26343pt x 231.62477pt.

<./Graphs/LinearSVMVaryTrain5Auth25Test.png, id=249, 308.352pt x 308.352pt>
File: ./Graphs/LinearSVMVaryTrain5Auth25Test.png Graphic file (type png)

<use ./Graphs/LinearSVMVaryTrain5Auth25Test.png>
Package pdftex.def Info: ./Graphs/LinearSVMVaryTrain5Auth25Test.png used on inp
ut line 395.
(pdftex.def)             Requested size: 231.26343pt x 231.26343pt.

<./Graphs/LinearSVMVaryTrain5Auth100Test.png, id=251, 308.352pt x 308.352pt>
File: ./Graphs/LinearSVMVaryTrain5Auth100Test.png Graphic file (type png)

<use ./Graphs/LinearSVMVaryTrain5Auth100Test.png>
Package pdftex.def Info: ./Graphs/LinearSVMVaryTrain5Auth100Test.png used on in
put line 396.
(pdftex.def)             Requested size: 231.26343pt x 231.26343pt.
File: ./Graphs/4graphLegend.png Graphic file (type png)

<use ./Graphs/4graphLegend.png>
Package pdftex.def Info: ./Graphs/4graphLegend.png used on input line 397.
(pdftex.def)             Requested size: 347.29665pt x 19.07118pt.


LaTeX Warning: `!h' float specifier changed to `!ht'.

<./Graphs/A1.png, id=254, 308.8338pt x 308.352pt>
File: ./Graphs/A1.png Graphic file (type png)
 <use ./Graphs/A1.png>
Package pdftex.def Info: ./Graphs/A1.png used on input line 405.
(pdftex.def)             Requested size: 231.62477pt x 231.26343pt.

<./Graphs/A3.png, id=256, 308.352pt x 308.352pt>
File: ./Graphs/A3.png Graphic file (type png)
 <use ./Graphs/A3.png>
Package pdftex.def Info: ./Graphs/A3.png used on input line 406.
(pdftex.def)             Requested size: 231.26343pt x 231.26343pt.

<./Graphs/A2.png, id=258, 308.352pt x 308.352pt>
File: ./Graphs/A2.png Graphic file (type png)
 <use ./Graphs/A2.png>
Package pdftex.def Info: ./Graphs/A2.png used on input line 407.
(pdftex.def)             Requested size: 231.26343pt x 231.26343pt.

<./Graphs/A4.png, id=260, 308.352pt x 308.352pt>
File: ./Graphs/A4.png Graphic file (type png)
 <use ./Graphs/A4.png>
Package pdftex.def Info: ./Graphs/A4.png used on input line 408.
(pdftex.def)             Requested size: 231.26343pt x 231.26343pt.


LaTeX Warning: `!h' float specifier changed to `!ht'.

<./Graphs/B1.png, id=262, 308.352pt x 308.352pt>
File: ./Graphs/B1.png Graphic file (type png)
 <use ./Graphs/B1.png>
Package pdftex.def Info: ./Graphs/B1.png used on input line 416.
(pdftex.def)             Requested size: 231.26343pt x 231.26343pt.

<./Graphs/B3.png, id=264, 308.352pt x 308.352pt>
File: ./Graphs/B3.png Graphic file (type png)
 <use ./Graphs/B3.png>
Package pdftex.def Info: ./Graphs/B3.png used on input line 417.
(pdftex.def)             Requested size: 231.26343pt x 231.26343pt.

<./Graphs/B2.png, id=266, 308.352pt x 308.352pt>
File: ./Graphs/B2.png Graphic file (type png)
 <use ./Graphs/B2.png>
Package pdftex.def Info: ./Graphs/B2.png used on input line 418.
(pdftex.def)             Requested size: 231.26343pt x 231.26343pt.

<./Graphs/B4.png, id=268, 308.352pt x 308.352pt>
File: ./Graphs/B4.png Graphic file (type png)
 <use ./Graphs/B4.png>
Package pdftex.def Info: ./Graphs/B4.png used on input line 419.
(pdftex.def)             Requested size: 231.26343pt x 231.26343pt.


LaTeX Warning: `!h' float specifier changed to `!ht'.

<./Graphs/MarkovBusiness.png, id=270, 435.0654pt x 308.352pt>
File: ./Graphs/MarkovBusiness.png Graphic file (type png)

<use ./Graphs/MarkovBusiness.png>
Package pdftex.def Info: ./Graphs/MarkovBusiness.png used on input line 427.
(pdftex.def)             Requested size: 326.29823pt x 231.26343pt.

<./Graphs/MarkovEntertainment.png, id=272, 435.0654pt x 308.352pt>
File: ./Graphs/MarkovEntertainment.png Graphic file (type png)

<use ./Graphs/MarkovEntertainment.png>
Package pdftex.def Info: ./Graphs/MarkovEntertainment.png used on input line 42
8.
(pdftex.def)             Requested size: 326.29823pt x 231.26343pt.


LaTeX Warning: `!h' float specifier changed to `!ht'.

<./Graphs/MarkovMusic.png, id=274, 435.0654pt x 308.352pt>
File: ./Graphs/MarkovMusic.png Graphic file (type png)

<use ./Graphs/MarkovMusic.png>
Package pdftex.def Info: ./Graphs/MarkovMusic.png used on input line 435.
(pdftex.def)             Requested size: 326.29823pt x 231.26343pt.

<./Graphs/MarkovSports.png, id=276, 435.0654pt x 308.352pt>
File: ./Graphs/MarkovSports.png Graphic file (type png)

<use ./Graphs/MarkovSports.png>
Package pdftex.def Info: ./Graphs/MarkovSports.png used on input line 436.
(pdftex.def)             Requested size: 326.29823pt x 231.26343pt.


LaTeX Warning: `!h' float specifier changed to `!ht'.

<./Graphs/MarkovTelevision.png, id=278, 435.0654pt x 308.352pt>
File: ./Graphs/MarkovTelevision.png Graphic file (type png)

<use ./Graphs/MarkovTelevision.png>
Package pdftex.def Info: ./Graphs/MarkovTelevision.png used on input line 443.
(pdftex.def)             Requested size: 326.29823pt x 231.26343pt.

<./Graphs/MarkovAll.png, id=280, 434.5836pt x 308.352pt>
File: ./Graphs/MarkovAll.png Graphic file (type png)

<use ./Graphs/MarkovAll.png>
Package pdftex.def Info: ./Graphs/MarkovAll.png used on input line 444.
(pdftex.def)             Requested size: 325.93689pt x 231.26343pt.


LaTeX Warning: `!h' float specifier changed to `!ht'.

<./Graphs/SVMBusiness.png, id=282, 434.5836pt x 308.352pt>
File: ./Graphs/SVMBusiness.png Graphic file (type png)

<use ./Graphs/SVMBusiness.png>
Package pdftex.def Info: ./Graphs/SVMBusiness.png used on input line 451.
(pdftex.def)             Requested size: 325.93689pt x 231.26343pt.

<./Graphs/SVMEntertainment.png, id=284, 434.1018pt x 308.352pt>
File: ./Graphs/SVMEntertainment.png Graphic file (type png)

<use ./Graphs/SVMEntertainment.png>
Package pdftex.def Info: ./Graphs/SVMEntertainment.png used on input line 452.
(pdftex.def)             Requested size: 325.57556pt x 231.26343pt.


LaTeX Warning: `!h' float specifier changed to `!ht'.

<./Graphs/SVMMusic.png, id=286, 434.5836pt x 308.352pt>
File: ./Graphs/SVMMusic.png Graphic file (type png)

<use ./Graphs/SVMMusic.png>
Package pdftex.def Info: ./Graphs/SVMMusic.png used on input line 459.
(pdftex.def)             Requested size: 325.93689pt x 231.26343pt.

<./Graphs/SVMSports.png, id=288, 435.0654pt x 308.352pt>
File: ./Graphs/SVMSports.png Graphic file (type png)

<use ./Graphs/SVMSports.png>
Package pdftex.def Info: ./Graphs/SVMSports.png used on input line 460.
(pdftex.def)             Requested size: 326.29823pt x 231.26343pt.


LaTeX Warning: `!h' float specifier changed to `!ht'.

<./Graphs/SVMTelevision.png, id=290, 435.0654pt x 307.8702pt>
File: ./Graphs/SVMTelevision.png Graphic file (type png)

<use ./Graphs/SVMTelevision.png>
Package pdftex.def Info: ./Graphs/SVMTelevision.png used on input line 467.
(pdftex.def)             Requested size: 326.29823pt x 230.90207pt.

<./Graphs/SVMAll.png, id=292, 434.5836pt x 307.8702pt>
File: ./Graphs/SVMAll.png Graphic file (type png)

<use ./Graphs/SVMAll.png>
Package pdftex.def Info: ./Graphs/SVMAll.png used on input line 468.
(pdftex.def)             Requested size: 325.93689pt x 230.90207pt.


LaTeX Warning: `!h' float specifier changed to `!ht'.

<./Graphs/BDBusiness.png, id=294, 434.5836pt x 308.352pt>
File: ./Graphs/BDBusiness.png Graphic file (type png)

<use ./Graphs/BDBusiness.png>
Package pdftex.def Info: ./Graphs/BDBusiness.png used on input line 475.
(pdftex.def)             Requested size: 325.93689pt x 231.26343pt.

<./Graphs/BDEntertainment.png, id=296, 435.0654pt x 308.352pt>
File: ./Graphs/BDEntertainment.png Graphic file (type png)

<use ./Graphs/BDEntertainment.png>
Package pdftex.def Info: ./Graphs/BDEntertainment.png used on input line 476.
(pdftex.def)             Requested size: 326.29823pt x 231.26343pt.


LaTeX Warning: `!h' float specifier changed to `!ht'.

<./Graphs/BDMusic.png, id=298, 435.0654pt x 308.352pt>
File: ./Graphs/BDMusic.png Graphic file (type png)

<use ./Graphs/BDMusic.png>
Package pdftex.def Info: ./Graphs/BDMusic.png used on input line 483.
(pdftex.def)             Requested size: 326.29823pt x 231.26343pt.

<./Graphs/BDSports.png, id=300, 434.5836pt x 308.352pt>
File: ./Graphs/BDSports.png Graphic file (type png)

<use ./Graphs/BDSports.png>
Package pdftex.def Info: ./Graphs/BDSports.png used on input line 484.
(pdftex.def)             Requested size: 325.93689pt x 231.26343pt.


LaTeX Warning: `!h' float specifier changed to `!ht'.

<./Graphs/BDTelevision.png, id=302, 434.5836pt x 308.352pt>
File: ./Graphs/BDTelevision.png Graphic file (type png)

<use ./Graphs/BDTelevision.png>
Package pdftex.def Info: ./Graphs/BDTelevision.png used on input line 491.
(pdftex.def)             Requested size: 325.93689pt x 231.26343pt.

<./Graphs/BDAll.png, id=304, 435.0654pt x 308.352pt>
File: ./Graphs/BDAll.png Graphic file (type png)
 <use ./Graphs/BDAll.png>
Package pdftex.def Info: ./Graphs/BDAll.png used on input line 492.
(pdftex.def)             Requested size: 326.29823pt x 231.26343pt.


LaTeX Warning: `!h' float specifier changed to `!ht'.

Package atveryend Info: Empty hook `BeforeClearDocument' on input line 497.
[24] [25] [26 <./Graphs/LinearSVMVaryTrain50Auth25Test.png> <./Graphs/LinearSVM
VaryTrain50Auth100Test.png> <./Graphs/LinearSVMVaryTrain5Auth25Test.png> <./Gra
phs/LinearSVMVaryTrain5Auth100Test.png>] [27 <./Graphs/A1.png> <./Graphs/A3.png
> <./Graphs/A2.png> <./Graphs/A4.png>] [28 <./Graphs/B1.png> <./Graphs/B3.png> 
<./Graphs/B2.png> <./Graphs/B4.png>] [29 <./Graphs/MarkovBusiness.png> <./Graph
s/MarkovEntertainment.png>] [30 <./Graphs/MarkovMusic.png> <./Graphs/MarkovSpor
ts.png>] [31 <./Graphs/MarkovTelevision.png> <./Graphs/MarkovAll.png>] [32 <./G
raphs/SVMBusiness.png> <./Graphs/SVMEntertainment.png>] [33 <./Graphs/SVMMusic.
png> <./Graphs/SVMSports.png>] [34 <./Graphs/SVMTelevision.png> <./Graphs/SVMAl
l.png>] [35 <./Graphs/BDBusiness.png> <./Graphs/BDEntertainment.png>] [36 <./Gr
aphs/BDMusic.png> <./Graphs/BDSports.png>] [37 <./Graphs/BDTelevision.png> <./G
raphs/BDAll.png>]
Package atveryend Info: Empty hook `AfterLastShipout' on input line 497.
 (./Spring_JP.aux)
Package atveryend Info: Executing hook `AtVeryEndDocument' on input line 497.
Package atveryend Info: Executing hook `AtEndAfterFileList' on input line 497.


Package rerunfilecheck Warning: File `Spring_JP.out' has changed.
(rerunfilecheck)                Rerun to get outlines right
(rerunfilecheck)                or use package `bookmark'.

Package rerunfilecheck Info: Checksums for `Spring_JP.out':
(rerunfilecheck)             Before: D41D8CD98F00B204E9800998ECF8427E;0
(rerunfilecheck)             After:  752D7450C2806361E452A3E5546A41E3;3987.

LaTeX Warning: There were undefined references.


LaTeX Warning: Label(s) may have changed. Rerun to get cross-references right.

 ) 
Here is how much of TeX's memory you used:
 23538 strings out of 493315
 393434 string characters out of 6137904
 496771 words of memory out of 5000000
 26195 multiletter control sequences out of 15000+600000
 71564 words of font info for 240 fonts, out of 8000000 for 9000
 957 hyphenation exceptions out of 8191
 56i,10n,55p,2094b,506s stack positions out of 5000i,500n,10000p,200000b,80000s
{/usr/local/texlive/2013/texmf-dist/fonts/enc/dvips/base/8r.enc}</usr/local/t
exlive/2013/texmf-dist/fonts/type1/public/amsfonts/cm/cmmi10.pfb></usr/local/te
xlive/2013/texmf-dist/fonts/type1/public/amsfonts/cm/cmr10.pfb></usr/local/texl
ive/2013/texmf-dist/fonts/type1/public/amsfonts/cm/cmsy10.pfb></usr/local/texli
ve/2013/texmf-dist/fonts/type1/urw/helvetic/uhvb8a.pfb></usr/local/texlive/2013
/texmf-dist/fonts/type1/urw/times/utmb8a.pfb></usr/local/texlive/2013/texmf-dis
t/fonts/type1/urw/times/utmr8a.pfb></usr/local/texlive/2013/texmf-dist/fonts/ty
pe1/urw/times/utmri8a.pfb>
Output written on Spring_JP.pdf (37 pages, 3230201 bytes).
PDF statistics:
 503 PDF objects out of 1000 (max. 8388607)
 318 compressed objects within 4 object streams
 116 named destinations out of 1000 (max. 500000)
 45575 words of extra memory for PDF output out of 51595 (max. 10000000)

